# JRE version: OpenJDK Runtime Environment (16.0.2+7) (build 16.0.2+7-67)
# Java VM: OpenJDK 64-Bit Server VM (16.0.2+7-67, mixed mode, tiered, compressed oops, compressed class ptrs, g1 gc, windows-amd64)
GC Precious Log:
 CPUs: 2 total, 2 available
 Memory: 3924M
 Large Page Support: Disabled
 NUMA Support: Disabled
 Compressed Oops: Enabled (32-bit)
 Heap Region Size: 1M
 Heap Min Capacity: 8M
 Heap Initial Capacity: 62M
 Heap Max Capacity: 982M
 Pre-touch: Disabled
 Parallel Workers: 2
 Concurrent Workers: 1
 Concurrent Refinement Workers: 2
 Periodic GC: Disabled
Heap:
 garbage-first heap   total 37888K, used 16019K [0x00000000c2a00000, 0x0000000100000000)
  region size 1024K, 9 young (9216K), 2 survivors (2048K)
 Metaspace       used 26485K, committed 26688K, reserved 1073152K
  class space    used 2844K, committed 2944K, reserved 1048576K
GC Heap History (10 events):
Event: 2.165 GC heap before
{Heap before GC invocations=0 (full 0):
 garbage-first heap   total 63488K, used 7168K [0x00000000c2a00000, 0x0000000100000000)
  region size 1024K, 6 young (6144K), 0 survivors (0K)
 Metaspace       used 7646K, committed 7744K, reserved 1056768K
  class space    used 650K, committed 704K, reserved 1048576K
}
Event: 2.181 GC heap after
{Heap after GC invocations=1 (full 0):
 garbage-first heap   total 63488K, used 4529K [0x00000000c2a00000, 0x0000000100000000)
  region size 1024K, 1 young (1024K), 1 survivors (1024K)
 Metaspace       used 7646K, committed 7744K, reserved 1056768K
  class space    used 650K, committed 704K, reserved 1048576K
}
Event: 3.907 GC heap before
{Heap before GC invocations=1 (full 0):
 garbage-first heap   total 63488K, used 8625K [0x00000000c2a00000, 0x0000000100000000)
  region size 1024K, 5 young (5120K), 1 survivors (1024K)
 Metaspace       used 11520K, committed 11712K, reserved 1064960K
  class space    used 1072K, committed 1152K, reserved 1048576K
}
Event: 3.913 GC heap after
{Heap after GC invocations=2 (full 0):
 garbage-first heap   total 63488K, used 5360K [0x00000000c2a00000, 0x0000000100000000)
  region size 1024K, 1 young (1024K), 1 survivors (1024K)
 Metaspace       used 11520K, committed 11712K, reserved 1064960K
  class space    used 1072K, committed 1152K, reserved 1048576K
}
Event: 5.230 GC heap before
{Heap before GC invocations=2 (full 0):
 garbage-first heap   total 63488K, used 14576K [0x00000000c2a00000, 0x0000000100000000)
  region size 1024K, 10 young (10240K), 1 survivors (1024K)
 Metaspace       used 13501K, committed 13632K, reserved 1064960K
  class space    used 1271K, committed 1344K, reserved 1048576K
}
Event: 5.236 GC heap after
{Heap after GC invocations=3 (full 0):
 garbage-first heap   total 63488K, used 5884K [0x00000000c2a00000, 0x0000000100000000)
  region size 1024K, 2 young (2048K), 2 survivors (2048K)
 Metaspace       used 13501K, committed 13632K, reserved 1064960K
  class space    used 1271K, committed 1344K, reserved 1048576K
}
Event: 7.919 GC heap before
{Heap before GC invocations=3 (full 0):
 garbage-first heap   total 63488K, used 29436K [0x00000000c2a00000, 0x0000000100000000)
  region size 1024K, 26 young (26624K), 2 survivors (2048K)
 Metaspace       used 21041K, committed 21248K, reserved 1073152K
  class space    used 2141K, committed 2240K, reserved 1048576K
}
Event: 7.938 GC heap after
{Heap after GC invocations=4 (full 0):
 garbage-first heap   total 63488K, used 9174K [0x00000000c2a00000, 0x0000000100000000)
  region size 1024K, 5 young (5120K), 5 survivors (5120K)
 Metaspace       used 21041K, committed 21248K, reserved 1073152K
  class space    used 2141K, committed 2240K, reserved 1048576K
}
Event: 21.710 GC heap before
{Heap before GC invocations=5 (full 0):
 garbage-first heap   total 37888K, used 25558K [0x00000000c2a00000, 0x0000000100000000)
  region size 1024K, 22 young (22528K), 5 survivors (5120K)
 Metaspace       used 25306K, committed 25536K, reserved 1073152K
  class space    used 2717K, committed 2816K, reserved 1048576K
}
Event: 21.730 GC heap after
{Heap after GC invocations=6 (full 0):
 garbage-first heap   total 37888K, used 10899K [0x00000000c2a00000, 0x0000000100000000)
  region size 1024K, 2 young (2048K), 2 survivors (2048K)
 Metaspace       used 25306K, committed 25536K, reserved 1073152K
  class space    used 2717K, committed 2816K, reserved 1048576K
}

