<?xml version="1.0" encoding="UTF-8"?>
<testsuite xmlns:xsi="http://www.w3.org/2001/XMLSchema-instance" xsi:schemaLocation="https://maven.apache.org/surefire/maven-surefire-plugin/xsd/surefire-test-report.xsd" name="TestSuite" time="156.684" tests="57" errors="0" skipped="0" failures="0">
  <properties>
[...]
</properties>
  <testcase name="openBrowsertestCase" classname="com.InterestAmount.Testcases.CarLoanTestCases" time="17.211"/>
  <testcase name="carEMIFormtestCase" classname="com.InterestAmount.Testcases.CarLoanTestCases" time="7.425"/>
  <testcase name="getdatatestcase" classname="com.InterestAmount.Testcases.CarLoanTestCases" time="3.912"/>
  <testcase name="closetestcase" classname="com.InterestAmount.Testcases.CarLoanTestCases" time="0.832"/>
  <testcase name="endReportestcase" classname="com.InterestAmount.Testcases.CarLoanTestCases" time="1.307"/>
  <testcase name="testopenBrowser" classname="com.InterestAmount.Testcases.HomeLoanCalculatorTestCases" time="9.337"/>
  <testcase name="testHomeEmi" classname="com.InterestAmount.Testcases.HomeLoanCalculatorTestCases" time="10.807"/>
  <testcase name="testdataexport" classname="com.InterestAmount.Testcases.HomeLoanCalculatorTestCases" time="12.411"/>
  <testcase name="close" classname="com.InterestAmount.Testcases.HomeLoanCalculatorTestCases" time="2.465"/>
  <testcase name="endReport" classname="com.InterestAmount.Testcases.HomeLoanCalculatorTestCases" time="0.318"/>
  <testcase name="testopenBrowsertestCase" classname="com.InterestAmount.Testcases.LoanEMIUICheckTestCases" time="10.002"/>
  <testcase name="testloanemicalcnavigate" classname="com.InterestAmount.Testcases.LoanEMIUICheckTestCases" time="5.584"/>
  <testcase name="testfeechargesslider" classname="com.InterestAmount.Testcases.LoanEMIUICheckTestCases" time="0.912"/>
  <testcase name="testfeechargestextbox" classname="com.InterestAmount.Testcases.LoanEMIUICheckTestCases" time="0.552"/>
  <testcase name="testfeeslidercheck" classname="com.InterestAmount.Testcases.LoanEMIUICheckTestCases" time="1.496"/>
  <testcase name="testinterestrateslider" classname="com.InterestAmount.Testcases.LoanEMIUICheckTestCases" time="0.536"/>
  <testcase name="testinterestrateslidercheck" classname="com.InterestAmount.Testcases.LoanEMIUICheckTestCases" time="1.544"/>
  <testcase name="testinterestratetextbox" classname="com.InterestAmount.Testcases.LoanEMIUICheckTestCases" time="0.576"/>
  <testcase name="testloanamtslider" classname="com.InterestAmount.Testcases.LoanEMIUICheckTestCases" time="0.376"/>
  <testcase name="testloanamtslidercheck" classname="com.InterestAmount.Testcases.LoanEMIUICheckTestCases" time="0.816"/>
  <testcase name="testloanamttextbox" classname="com.InterestAmount.Testcases.LoanEMIUICheckTestCases" time="1.288"/>
  <testcase name="testloantermslider" classname="com.InterestAmount.Testcases.LoanEMIUICheckTestCases" time="0.448"/>
  <testcase name="testloantermslidercheck" classname="com.InterestAmount.Testcases.LoanEMIUICheckTestCases" time="1.45"/>
  <testcase name="testloantermtextbox" classname="com.InterestAmount.Testcases.LoanEMIUICheckTestCases" time="0.866"/>
  <testcase name="close" classname="com.InterestAmount.Testcases.LoanEMIUICheckTestCases" time="2.606"/>
  <testcase name="endReport" classname="com.InterestAmount.Testcases.LoanEMIUICheckTestCases" time="0.193"/>
  <testcase name="testloancalcnavigate" classname="com.InterestAmount.Testcases.LoanAmountCalculatorUICheckTestcases" time="6.608"/>
  <testcase name="TestFeeChargeSliderCheck" classname="com.InterestAmount.Testcases.LoanAmountCalculatorUICheckTestcases" time="1.264"/>
  <testcase name="TestFeechargesSlider" classname="com.InterestAmount.Testcases.LoanAmountCalculatorUICheckTestcases" time="1.032"/>
  <testcase name="TestFeechargesTextbox" classname="com.InterestAmount.Testcases.LoanAmountCalculatorUICheckTestcases" time="0.552"/>
  <testcase name="TestLoanTenureSlidercheck" classname="com.InterestAmount.Testcases.LoanAmountCalculatorUICheckTestcases" time="0.81"/>
  <testcase name="testEMIslider" classname="com.InterestAmount.Testcases.LoanAmountCalculatorUICheckTestcases" time="0.656"/>
  <testcase name="testEMIslidercheck" classname="com.InterestAmount.Testcases.LoanAmountCalculatorUICheckTestcases" time="0.896"/>
  <testcase name="testEMItextbox" classname="com.InterestAmount.Testcases.LoanAmountCalculatorUICheckTestcases" time="0.968"/>
  <testcase name="testinterestrateslider" classname="com.InterestAmount.Testcases.LoanAmountCalculatorUICheckTestcases" time="0.52"/>
  <testcase name="testinterestrateslidercheck" classname="com.InterestAmount.Testcases.LoanAmountCalculatorUICheckTestcases" time="1.56"/>
  <testcase name="testinterestratetextbox" classname="com.InterestAmount.Testcases.LoanAmountCalculatorUICheckTestcases" time="0.677"/>
  <testcase name="testloantermslider" classname="com.InterestAmount.Testcases.LoanAmountCalculatorUICheckTestcases" time="0.237"/>
  <testcase name="testloantermtextbox" classname="com.InterestAmount.Testcases.LoanAmountCalculatorUICheckTestcases" time="0.272"/>
  <testcase name="close" classname="com.InterestAmount.Testcases.LoanAmountCalculatorUICheckTestcases" time="0.152"/>
  <testcase name="endReport" classname="com.InterestAmount.Testcases.LoanAmountCalculatorUICheckTestcases" time="0.292"/>
  <testcase name="openBrowsertestCase" classname="com.InterestAmount.Testcases.LoanTenureCalculatorUICheckTestCases" time="9.509"/>
  <testcase name="testloanTenurenavigate" classname="com.InterestAmount.Testcases.LoanTenureCalculatorUICheckTestCases" time="9.792"/>
  <testcase name="testEMItextbox" classname="com.InterestAmount.Testcases.LoanTenureCalculatorUICheckTestCases" time="0.403"/>
  <testcase name="testemislider" classname="com.InterestAmount.Testcases.LoanTenureCalculatorUICheckTestCases" time="0.288"/>
  <testcase name="testemislidercheck" classname="com.InterestAmount.Testcases.LoanTenureCalculatorUICheckTestCases" time="1.368"/>
  <testcase name="testfeechargesslider" classname="com.InterestAmount.Testcases.LoanTenureCalculatorUICheckTestCases" time="0.647"/>
  <testcase name="testfeechargestextbox" classname="com.InterestAmount.Testcases.LoanTenureCalculatorUICheckTestCases" time="0.377"/>
  <testcase name="testfeeslidercheck" classname="com.InterestAmount.Testcases.LoanTenureCalculatorUICheckTestCases" time="1.107"/>
  <testcase name="testinterestRatetextbox" classname="com.InterestAmount.Testcases.LoanTenureCalculatorUICheckTestCases" time="0.433"/>
  <testcase name="testloanAmountslider" classname="com.InterestAmount.Testcases.LoanTenureCalculatorUICheckTestCases" time="0.364"/>
  <testcase name="testloanAmountslidercheck" classname="com.InterestAmount.Testcases.LoanTenureCalculatorUICheckTestCases" time="1.493"/>
  <testcase name="testloanAmounttextbox" classname="com.InterestAmount.Testcases.LoanTenureCalculatorUICheckTestCases" time="0.899"/>
  <testcase name="testloantermslider" classname="com.InterestAmount.Testcases.LoanTenureCalculatorUICheckTestCases" time="0.288"/>
  <testcase name="testloantermslidercheck" classname="com.InterestAmount.Testcases.LoanTenureCalculatorUICheckTestCases" time="1.616"/>
  <testcase name="testclose" classname="com.InterestAmount.Testcases.LoanTenureCalculatorUICheckTestCases" time="0.376"/>
  <testcase name="testendReport" classname="com.InterestAmount.Testcases.LoanTenureCalculatorUICheckTestCases" time="0.24"/>
</testsuite>