<?xml version="1.0" encoding="UTF-8"?>
<testng-results ignored="0" total="57" passed="57" failed="0" skipped="0">
  <reporter-output>
  </reporter-output>
  <suite started-at="2022-02-08T17:13:11 IST" name="Default suite" finished-at="2022-02-08T17:15:20 IST" duration-ms="129301">
    <groups>
      <group name="UICheck">
        <method signature="LoanAmountCalculatorUICheckTestcases.TestFeeChargeSliderCheck()[pri:2, instance:com.InterestAmount.Testcases.LoanAmountCalculatorUICheckTestcases@1ebea008]" name="TestFeeChargeSliderCheck" class="com.InterestAmount.Testcases.LoanAmountCalculatorUICheckTestcases"/>
        <method signature="LoanAmountCalculatorUICheckTestcases.TestFeechargesSlider()[pri:2, instance:com.InterestAmount.Testcases.LoanAmountCalculatorUICheckTestcases@1ebea008]" name="TestFeechargesSlider" class="com.InterestAmount.Testcases.LoanAmountCalculatorUICheckTestcases"/>
        <method signature="LoanAmountCalculatorUICheckTestcases.TestFeechargesTextbox()[pri:2, instance:com.InterestAmount.Testcases.LoanAmountCalculatorUICheckTestcases@1ebea008]" name="TestFeechargesTextbox" class="com.InterestAmount.Testcases.LoanAmountCalculatorUICheckTestcases"/>
        <method signature="LoanAmountCalculatorUICheckTestcases.TestLoanTenureSlidercheck()[pri:2, instance:com.InterestAmount.Testcases.LoanAmountCalculatorUICheckTestcases@1ebea008]" name="TestLoanTenureSlidercheck" class="com.InterestAmount.Testcases.LoanAmountCalculatorUICheckTestcases"/>
        <method signature="LoanAmountCalculatorUICheckTestcases.testEMIslider()[pri:2, instance:com.InterestAmount.Testcases.LoanAmountCalculatorUICheckTestcases@1ebea008]" name="testEMIslider" class="com.InterestAmount.Testcases.LoanAmountCalculatorUICheckTestcases"/>
        <method signature="LoanAmountCalculatorUICheckTestcases.testEMIslidercheck()[pri:2, instance:com.InterestAmount.Testcases.LoanAmountCalculatorUICheckTestcases@1ebea008]" name="testEMIslidercheck" class="com.InterestAmount.Testcases.LoanAmountCalculatorUICheckTestcases"/>
        <method signature="LoanAmountCalculatorUICheckTestcases.testEMItextbox()[pri:2, instance:com.InterestAmount.Testcases.LoanAmountCalculatorUICheckTestcases@1ebea008]" name="testEMItextbox" class="com.InterestAmount.Testcases.LoanAmountCalculatorUICheckTestcases"/>
        <method signature="LoanAmountCalculatorUICheckTestcases.testinterestrateslider()[pri:2, instance:com.InterestAmount.Testcases.LoanAmountCalculatorUICheckTestcases@1ebea008]" name="testinterestrateslider" class="com.InterestAmount.Testcases.LoanAmountCalculatorUICheckTestcases"/>
        <method signature="LoanAmountCalculatorUICheckTestcases.testinterestrateslidercheck()[pri:2, instance:com.InterestAmount.Testcases.LoanAmountCalculatorUICheckTestcases@1ebea008]" name="testinterestrateslidercheck" class="com.InterestAmount.Testcases.LoanAmountCalculatorUICheckTestcases"/>
        <method signature="LoanAmountCalculatorUICheckTestcases.testinterestratetextbox()[pri:2, instance:com.InterestAmount.Testcases.LoanAmountCalculatorUICheckTestcases@1ebea008]" name="testinterestratetextbox" class="com.InterestAmount.Testcases.LoanAmountCalculatorUICheckTestcases"/>
        <method signature="LoanAmountCalculatorUICheckTestcases.testloancalcnavigate()[pri:1, instance:com.InterestAmount.Testcases.LoanAmountCalculatorUICheckTestcases@1ebea008]" name="testloancalcnavigate" class="com.InterestAmount.Testcases.LoanAmountCalculatorUICheckTestcases"/>
        <method signature="LoanAmountCalculatorUICheckTestcases.testloantermslider()[pri:2, instance:com.InterestAmount.Testcases.LoanAmountCalculatorUICheckTestcases@1ebea008]" name="testloantermslider" class="com.InterestAmount.Testcases.LoanAmountCalculatorUICheckTestcases"/>
        <method signature="LoanAmountCalculatorUICheckTestcases.testloantermtextbox()[pri:2, instance:com.InterestAmount.Testcases.LoanAmountCalculatorUICheckTestcases@1ebea008]" name="testloantermtextbox" class="com.InterestAmount.Testcases.LoanAmountCalculatorUICheckTestcases"/>
        <method signature="LoanEMIUICheckTestCases.testfeechargesslider()[pri:2, instance:com.InterestAmount.Testcases.LoanEMIUICheckTestCases@54e041a4]" name="testfeechargesslider" class="com.InterestAmount.Testcases.LoanEMIUICheckTestCases"/>
        <method signature="LoanEMIUICheckTestCases.testfeechargestextbox()[pri:2, instance:com.InterestAmount.Testcases.LoanEMIUICheckTestCases@54e041a4]" name="testfeechargestextbox" class="com.InterestAmount.Testcases.LoanEMIUICheckTestCases"/>
        <method signature="LoanEMIUICheckTestCases.testfeeslidercheck()[pri:2, instance:com.InterestAmount.Testcases.LoanEMIUICheckTestCases@54e041a4]" name="testfeeslidercheck" class="com.InterestAmount.Testcases.LoanEMIUICheckTestCases"/>
        <method signature="LoanEMIUICheckTestCases.testinterestrateslider()[pri:2, instance:com.InterestAmount.Testcases.LoanEMIUICheckTestCases@54e041a4]" name="testinterestrateslider" class="com.InterestAmount.Testcases.LoanEMIUICheckTestCases"/>
        <method signature="LoanEMIUICheckTestCases.testinterestrateslidercheck()[pri:2, instance:com.InterestAmount.Testcases.LoanEMIUICheckTestCases@54e041a4]" name="testinterestrateslidercheck" class="com.InterestAmount.Testcases.LoanEMIUICheckTestCases"/>
        <method signature="LoanEMIUICheckTestCases.testinterestratetextbox()[pri:2, instance:com.InterestAmount.Testcases.LoanEMIUICheckTestCases@54e041a4]" name="testinterestratetextbox" class="com.InterestAmount.Testcases.LoanEMIUICheckTestCases"/>
        <method signature="LoanEMIUICheckTestCases.testloanamtslider()[pri:2, instance:com.InterestAmount.Testcases.LoanEMIUICheckTestCases@54e041a4]" name="testloanamtslider" class="com.InterestAmount.Testcases.LoanEMIUICheckTestCases"/>
        <method signature="LoanEMIUICheckTestCases.testloanamtslidercheck()[pri:2, instance:com.InterestAmount.Testcases.LoanEMIUICheckTestCases@54e041a4]" name="testloanamtslidercheck" class="com.InterestAmount.Testcases.LoanEMIUICheckTestCases"/>
        <method signature="LoanEMIUICheckTestCases.testloanamttextbox()[pri:2, instance:com.InterestAmount.Testcases.LoanEMIUICheckTestCases@54e041a4]" name="testloanamttextbox" class="com.InterestAmount.Testcases.LoanEMIUICheckTestCases"/>
        <method signature="LoanEMIUICheckTestCases.testloanemicalcnavigate()[pri:1, instance:com.InterestAmount.Testcases.LoanEMIUICheckTestCases@54e041a4]" name="testloanemicalcnavigate" class="com.InterestAmount.Testcases.LoanEMIUICheckTestCases"/>
        <method signature="LoanEMIUICheckTestCases.testloantermslider()[pri:2, instance:com.InterestAmount.Testcases.LoanEMIUICheckTestCases@54e041a4]" name="testloantermslider" class="com.InterestAmount.Testcases.LoanEMIUICheckTestCases"/>
        <method signature="LoanEMIUICheckTestCases.testloantermslidercheck()[pri:2, instance:com.InterestAmount.Testcases.LoanEMIUICheckTestCases@54e041a4]" name="testloantermslidercheck" class="com.InterestAmount.Testcases.LoanEMIUICheckTestCases"/>
        <method signature="LoanEMIUICheckTestCases.testloantermtextbox()[pri:2, instance:com.InterestAmount.Testcases.LoanEMIUICheckTestCases@54e041a4]" name="testloantermtextbox" class="com.InterestAmount.Testcases.LoanEMIUICheckTestCases"/>
        <method signature="LoanTenureCalculatorUICheckTestCases.testEMItextbox()[pri:2, instance:com.InterestAmount.Testcases.LoanTenureCalculatorUICheckTestCases@3e2055d6]" name="testEMItextbox" class="com.InterestAmount.Testcases.LoanTenureCalculatorUICheckTestCases"/>
        <method signature="LoanTenureCalculatorUICheckTestCases.testemislider()[pri:2, instance:com.InterestAmount.Testcases.LoanTenureCalculatorUICheckTestCases@3e2055d6]" name="testemislider" class="com.InterestAmount.Testcases.LoanTenureCalculatorUICheckTestCases"/>
        <method signature="LoanTenureCalculatorUICheckTestCases.testemislidercheck()[pri:2, instance:com.InterestAmount.Testcases.LoanTenureCalculatorUICheckTestCases@3e2055d6]" name="testemislidercheck" class="com.InterestAmount.Testcases.LoanTenureCalculatorUICheckTestCases"/>
        <method signature="LoanTenureCalculatorUICheckTestCases.testfeechargesslider()[pri:2, instance:com.InterestAmount.Testcases.LoanTenureCalculatorUICheckTestCases@3e2055d6]" name="testfeechargesslider" class="com.InterestAmount.Testcases.LoanTenureCalculatorUICheckTestCases"/>
        <method signature="LoanTenureCalculatorUICheckTestCases.testfeechargestextbox()[pri:2, instance:com.InterestAmount.Testcases.LoanTenureCalculatorUICheckTestCases@3e2055d6]" name="testfeechargestextbox" class="com.InterestAmount.Testcases.LoanTenureCalculatorUICheckTestCases"/>
        <method signature="LoanTenureCalculatorUICheckTestCases.testfeeslidercheck()[pri:2, instance:com.InterestAmount.Testcases.LoanTenureCalculatorUICheckTestCases@3e2055d6]" name="testfeeslidercheck" class="com.InterestAmount.Testcases.LoanTenureCalculatorUICheckTestCases"/>
        <method signature="LoanTenureCalculatorUICheckTestCases.testinterestRatetextbox()[pri:2, instance:com.InterestAmount.Testcases.LoanTenureCalculatorUICheckTestCases@3e2055d6]" name="testinterestRatetextbox" class="com.InterestAmount.Testcases.LoanTenureCalculatorUICheckTestCases"/>
        <method signature="LoanTenureCalculatorUICheckTestCases.testloanAmountslider()[pri:2, instance:com.InterestAmount.Testcases.LoanTenureCalculatorUICheckTestCases@3e2055d6]" name="testloanAmountslider" class="com.InterestAmount.Testcases.LoanTenureCalculatorUICheckTestCases"/>
        <method signature="LoanTenureCalculatorUICheckTestCases.testloanAmountslidercheck()[pri:2, instance:com.InterestAmount.Testcases.LoanTenureCalculatorUICheckTestCases@3e2055d6]" name="testloanAmountslidercheck" class="com.InterestAmount.Testcases.LoanTenureCalculatorUICheckTestCases"/>
        <method signature="LoanTenureCalculatorUICheckTestCases.testloanAmounttextbox()[pri:2, instance:com.InterestAmount.Testcases.LoanTenureCalculatorUICheckTestCases@3e2055d6]" name="testloanAmounttextbox" class="com.InterestAmount.Testcases.LoanTenureCalculatorUICheckTestCases"/>
        <method signature="LoanTenureCalculatorUICheckTestCases.testloanTenurenavigate()[pri:1, instance:com.InterestAmount.Testcases.LoanTenureCalculatorUICheckTestCases@3e2055d6]" name="testloanTenurenavigate" class="com.InterestAmount.Testcases.LoanTenureCalculatorUICheckTestCases"/>
        <method signature="LoanTenureCalculatorUICheckTestCases.testloantermslider()[pri:2, instance:com.InterestAmount.Testcases.LoanTenureCalculatorUICheckTestCases@3e2055d6]" name="testloantermslider" class="com.InterestAmount.Testcases.LoanTenureCalculatorUICheckTestCases"/>
        <method signature="LoanTenureCalculatorUICheckTestCases.testloantermslidercheck()[pri:2, instance:com.InterestAmount.Testcases.LoanTenureCalculatorUICheckTestCases@3e2055d6]" name="testloantermslidercheck" class="com.InterestAmount.Testcases.LoanTenureCalculatorUICheckTestCases"/>
      </group> <!-- UICheck -->
      <group name="Regression Test">
        <method signature="CarLoanTestCases.carEMIFormtestCase()[pri:1, instance:com.InterestAmount.Testcases.CarLoanTestCases@163370c2]" name="carEMIFormtestCase" class="com.InterestAmount.Testcases.CarLoanTestCases"/>
        <method signature="CarLoanTestCases.getdatatestcase()[pri:2, instance:com.InterestAmount.Testcases.CarLoanTestCases@163370c2]" name="getdatatestcase" class="com.InterestAmount.Testcases.CarLoanTestCases"/>
        <method signature="HomeLoanCalculatorTestCases.testdataexport()[pri:1, instance:com.InterestAmount.Testcases.HomeLoanCalculatorTestCases@72d6b3ba]" name="testdataexport" class="com.InterestAmount.Testcases.HomeLoanCalculatorTestCases"/>
        <method signature="LoanAmountCalculatorUICheckTestcases.TestFeeChargeSliderCheck()[pri:2, instance:com.InterestAmount.Testcases.LoanAmountCalculatorUICheckTestcases@1ebea008]" name="TestFeeChargeSliderCheck" class="com.InterestAmount.Testcases.LoanAmountCalculatorUICheckTestcases"/>
        <method signature="LoanAmountCalculatorUICheckTestcases.TestFeechargesSlider()[pri:2, instance:com.InterestAmount.Testcases.LoanAmountCalculatorUICheckTestcases@1ebea008]" name="TestFeechargesSlider" class="com.InterestAmount.Testcases.LoanAmountCalculatorUICheckTestcases"/>
        <method signature="LoanAmountCalculatorUICheckTestcases.TestFeechargesTextbox()[pri:2, instance:com.InterestAmount.Testcases.LoanAmountCalculatorUICheckTestcases@1ebea008]" name="TestFeechargesTextbox" class="com.InterestAmount.Testcases.LoanAmountCalculatorUICheckTestcases"/>
        <method signature="LoanAmountCalculatorUICheckTestcases.TestLoanTenureSlidercheck()[pri:2, instance:com.InterestAmount.Testcases.LoanAmountCalculatorUICheckTestcases@1ebea008]" name="TestLoanTenureSlidercheck" class="com.InterestAmount.Testcases.LoanAmountCalculatorUICheckTestcases"/>
        <method signature="LoanAmountCalculatorUICheckTestcases.testEMIslider()[pri:2, instance:com.InterestAmount.Testcases.LoanAmountCalculatorUICheckTestcases@1ebea008]" name="testEMIslider" class="com.InterestAmount.Testcases.LoanAmountCalculatorUICheckTestcases"/>
        <method signature="LoanAmountCalculatorUICheckTestcases.testEMIslidercheck()[pri:2, instance:com.InterestAmount.Testcases.LoanAmountCalculatorUICheckTestcases@1ebea008]" name="testEMIslidercheck" class="com.InterestAmount.Testcases.LoanAmountCalculatorUICheckTestcases"/>
        <method signature="LoanAmountCalculatorUICheckTestcases.testEMItextbox()[pri:2, instance:com.InterestAmount.Testcases.LoanAmountCalculatorUICheckTestcases@1ebea008]" name="testEMItextbox" class="com.InterestAmount.Testcases.LoanAmountCalculatorUICheckTestcases"/>
        <method signature="LoanAmountCalculatorUICheckTestcases.testinterestrateslider()[pri:2, instance:com.InterestAmount.Testcases.LoanAmountCalculatorUICheckTestcases@1ebea008]" name="testinterestrateslider" class="com.InterestAmount.Testcases.LoanAmountCalculatorUICheckTestcases"/>
        <method signature="LoanAmountCalculatorUICheckTestcases.testinterestrateslidercheck()[pri:2, instance:com.InterestAmount.Testcases.LoanAmountCalculatorUICheckTestcases@1ebea008]" name="testinterestrateslidercheck" class="com.InterestAmount.Testcases.LoanAmountCalculatorUICheckTestcases"/>
        <method signature="LoanAmountCalculatorUICheckTestcases.testinterestratetextbox()[pri:2, instance:com.InterestAmount.Testcases.LoanAmountCalculatorUICheckTestcases@1ebea008]" name="testinterestratetextbox" class="com.InterestAmount.Testcases.LoanAmountCalculatorUICheckTestcases"/>
        <method signature="LoanAmountCalculatorUICheckTestcases.testloantermslider()[pri:2, instance:com.InterestAmount.Testcases.LoanAmountCalculatorUICheckTestcases@1ebea008]" name="testloantermslider" class="com.InterestAmount.Testcases.LoanAmountCalculatorUICheckTestcases"/>
        <method signature="LoanAmountCalculatorUICheckTestcases.testloantermtextbox()[pri:2, instance:com.InterestAmount.Testcases.LoanAmountCalculatorUICheckTestcases@1ebea008]" name="testloantermtextbox" class="com.InterestAmount.Testcases.LoanAmountCalculatorUICheckTestcases"/>
        <method signature="LoanEMIUICheckTestCases.testfeechargesslider()[pri:2, instance:com.InterestAmount.Testcases.LoanEMIUICheckTestCases@54e041a4]" name="testfeechargesslider" class="com.InterestAmount.Testcases.LoanEMIUICheckTestCases"/>
        <method signature="LoanEMIUICheckTestCases.testfeechargestextbox()[pri:2, instance:com.InterestAmount.Testcases.LoanEMIUICheckTestCases@54e041a4]" name="testfeechargestextbox" class="com.InterestAmount.Testcases.LoanEMIUICheckTestCases"/>
        <method signature="LoanEMIUICheckTestCases.testfeeslidercheck()[pri:2, instance:com.InterestAmount.Testcases.LoanEMIUICheckTestCases@54e041a4]" name="testfeeslidercheck" class="com.InterestAmount.Testcases.LoanEMIUICheckTestCases"/>
        <method signature="LoanEMIUICheckTestCases.testinterestrateslider()[pri:2, instance:com.InterestAmount.Testcases.LoanEMIUICheckTestCases@54e041a4]" name="testinterestrateslider" class="com.InterestAmount.Testcases.LoanEMIUICheckTestCases"/>
        <method signature="LoanEMIUICheckTestCases.testinterestrateslidercheck()[pri:2, instance:com.InterestAmount.Testcases.LoanEMIUICheckTestCases@54e041a4]" name="testinterestrateslidercheck" class="com.InterestAmount.Testcases.LoanEMIUICheckTestCases"/>
        <method signature="LoanEMIUICheckTestCases.testinterestratetextbox()[pri:2, instance:com.InterestAmount.Testcases.LoanEMIUICheckTestCases@54e041a4]" name="testinterestratetextbox" class="com.InterestAmount.Testcases.LoanEMIUICheckTestCases"/>
        <method signature="LoanEMIUICheckTestCases.testloanamtslider()[pri:2, instance:com.InterestAmount.Testcases.LoanEMIUICheckTestCases@54e041a4]" name="testloanamtslider" class="com.InterestAmount.Testcases.LoanEMIUICheckTestCases"/>
        <method signature="LoanEMIUICheckTestCases.testloanamtslidercheck()[pri:2, instance:com.InterestAmount.Testcases.LoanEMIUICheckTestCases@54e041a4]" name="testloanamtslidercheck" class="com.InterestAmount.Testcases.LoanEMIUICheckTestCases"/>
        <method signature="LoanEMIUICheckTestCases.testloanamttextbox()[pri:2, instance:com.InterestAmount.Testcases.LoanEMIUICheckTestCases@54e041a4]" name="testloanamttextbox" class="com.InterestAmount.Testcases.LoanEMIUICheckTestCases"/>
        <method signature="LoanEMIUICheckTestCases.testloantermslider()[pri:2, instance:com.InterestAmount.Testcases.LoanEMIUICheckTestCases@54e041a4]" name="testloantermslider" class="com.InterestAmount.Testcases.LoanEMIUICheckTestCases"/>
        <method signature="LoanEMIUICheckTestCases.testloantermslidercheck()[pri:2, instance:com.InterestAmount.Testcases.LoanEMIUICheckTestCases@54e041a4]" name="testloantermslidercheck" class="com.InterestAmount.Testcases.LoanEMIUICheckTestCases"/>
        <method signature="LoanEMIUICheckTestCases.testloantermtextbox()[pri:2, instance:com.InterestAmount.Testcases.LoanEMIUICheckTestCases@54e041a4]" name="testloantermtextbox" class="com.InterestAmount.Testcases.LoanEMIUICheckTestCases"/>
        <method signature="LoanTenureCalculatorUICheckTestCases.testEMItextbox()[pri:2, instance:com.InterestAmount.Testcases.LoanTenureCalculatorUICheckTestCases@3e2055d6]" name="testEMItextbox" class="com.InterestAmount.Testcases.LoanTenureCalculatorUICheckTestCases"/>
        <method signature="LoanTenureCalculatorUICheckTestCases.testemislider()[pri:2, instance:com.InterestAmount.Testcases.LoanTenureCalculatorUICheckTestCases@3e2055d6]" name="testemislider" class="com.InterestAmount.Testcases.LoanTenureCalculatorUICheckTestCases"/>
        <method signature="LoanTenureCalculatorUICheckTestCases.testemislidercheck()[pri:2, instance:com.InterestAmount.Testcases.LoanTenureCalculatorUICheckTestCases@3e2055d6]" name="testemislidercheck" class="com.InterestAmount.Testcases.LoanTenureCalculatorUICheckTestCases"/>
        <method signature="LoanTenureCalculatorUICheckTestCases.testfeechargesslider()[pri:2, instance:com.InterestAmount.Testcases.LoanTenureCalculatorUICheckTestCases@3e2055d6]" name="testfeechargesslider" class="com.InterestAmount.Testcases.LoanTenureCalculatorUICheckTestCases"/>
        <method signature="LoanTenureCalculatorUICheckTestCases.testfeechargestextbox()[pri:2, instance:com.InterestAmount.Testcases.LoanTenureCalculatorUICheckTestCases@3e2055d6]" name="testfeechargestextbox" class="com.InterestAmount.Testcases.LoanTenureCalculatorUICheckTestCases"/>
        <method signature="LoanTenureCalculatorUICheckTestCases.testfeeslidercheck()[pri:2, instance:com.InterestAmount.Testcases.LoanTenureCalculatorUICheckTestCases@3e2055d6]" name="testfeeslidercheck" class="com.InterestAmount.Testcases.LoanTenureCalculatorUICheckTestCases"/>
        <method signature="LoanTenureCalculatorUICheckTestCases.testinterestRatetextbox()[pri:2, instance:com.InterestAmount.Testcases.LoanTenureCalculatorUICheckTestCases@3e2055d6]" name="testinterestRatetextbox" class="com.InterestAmount.Testcases.LoanTenureCalculatorUICheckTestCases"/>
        <method signature="LoanTenureCalculatorUICheckTestCases.testloanAmountslider()[pri:2, instance:com.InterestAmount.Testcases.LoanTenureCalculatorUICheckTestCases@3e2055d6]" name="testloanAmountslider" class="com.InterestAmount.Testcases.LoanTenureCalculatorUICheckTestCases"/>
        <method signature="LoanTenureCalculatorUICheckTestCases.testloanAmountslidercheck()[pri:2, instance:com.InterestAmount.Testcases.LoanTenureCalculatorUICheckTestCases@3e2055d6]" name="testloanAmountslidercheck" class="com.InterestAmount.Testcases.LoanTenureCalculatorUICheckTestCases"/>
        <method signature="LoanTenureCalculatorUICheckTestCases.testloanAmounttextbox()[pri:2, instance:com.InterestAmount.Testcases.LoanTenureCalculatorUICheckTestCases@3e2055d6]" name="testloanAmounttextbox" class="com.InterestAmount.Testcases.LoanTenureCalculatorUICheckTestCases"/>
        <method signature="LoanTenureCalculatorUICheckTestCases.testloantermslider()[pri:2, instance:com.InterestAmount.Testcases.LoanTenureCalculatorUICheckTestCases@3e2055d6]" name="testloantermslider" class="com.InterestAmount.Testcases.LoanTenureCalculatorUICheckTestCases"/>
        <method signature="LoanTenureCalculatorUICheckTestCases.testloantermslidercheck()[pri:2, instance:com.InterestAmount.Testcases.LoanTenureCalculatorUICheckTestCases@3e2055d6]" name="testloantermslidercheck" class="com.InterestAmount.Testcases.LoanTenureCalculatorUICheckTestCases"/>
      </group> <!-- Regression Test -->
      <group name="Smoke Test">
        <method signature="CarLoanTestCases.closetestcase()[pri:3, instance:com.InterestAmount.Testcases.CarLoanTestCases@163370c2]" name="closetestcase" class="com.InterestAmount.Testcases.CarLoanTestCases"/>
        <method signature="CarLoanTestCases.openBrowsertestCase()[pri:0, instance:com.InterestAmount.Testcases.CarLoanTestCases@163370c2]" name="openBrowsertestCase" class="com.InterestAmount.Testcases.CarLoanTestCases"/>
        <method signature="CarLoanTestCases.endReportestcase()[pri:4, instance:com.InterestAmount.Testcases.CarLoanTestCases@163370c2]" name="endReportestcase" class="com.InterestAmount.Testcases.CarLoanTestCases"/>
        <method signature="HomeLoanCalculatorTestCases.close()[pri:2, instance:com.InterestAmount.Testcases.HomeLoanCalculatorTestCases@72d6b3ba]" name="close" class="com.InterestAmount.Testcases.HomeLoanCalculatorTestCases"/>
        <method signature="HomeLoanCalculatorTestCases.endReport()[pri:3, instance:com.InterestAmount.Testcases.HomeLoanCalculatorTestCases@72d6b3ba]" name="endReport" class="com.InterestAmount.Testcases.HomeLoanCalculatorTestCases"/>
        <method signature="HomeLoanCalculatorTestCases.testHomeEmi()[pri:1, instance:com.InterestAmount.Testcases.HomeLoanCalculatorTestCases@72d6b3ba]" name="testHomeEmi" class="com.InterestAmount.Testcases.HomeLoanCalculatorTestCases"/>
        <method signature="HomeLoanCalculatorTestCases.testopenBrowser()[pri:0, instance:com.InterestAmount.Testcases.HomeLoanCalculatorTestCases@72d6b3ba]" name="testopenBrowser" class="com.InterestAmount.Testcases.HomeLoanCalculatorTestCases"/>
        <method signature="LoanAmountCalculatorUICheckTestcases.close()[pri:3, instance:com.InterestAmount.Testcases.LoanAmountCalculatorUICheckTestcases@1ebea008]" name="close" class="com.InterestAmount.Testcases.LoanAmountCalculatorUICheckTestcases"/>
        <method signature="LoanAmountCalculatorUICheckTestcases.endReport()[pri:4, instance:com.InterestAmount.Testcases.LoanAmountCalculatorUICheckTestcases@1ebea008]" name="endReport" class="com.InterestAmount.Testcases.LoanAmountCalculatorUICheckTestcases"/>
        <method signature="LoanAmountCalculatorUICheckTestcases.testloancalcnavigate()[pri:1, instance:com.InterestAmount.Testcases.LoanAmountCalculatorUICheckTestcases@1ebea008]" name="testloancalcnavigate" class="com.InterestAmount.Testcases.LoanAmountCalculatorUICheckTestcases"/>
        <method signature="LoanEMIUICheckTestCases.close()[pri:3, instance:com.InterestAmount.Testcases.LoanEMIUICheckTestCases@54e041a4]" name="close" class="com.InterestAmount.Testcases.LoanEMIUICheckTestCases"/>
        <method signature="LoanEMIUICheckTestCases.endReport()[pri:4, instance:com.InterestAmount.Testcases.LoanEMIUICheckTestCases@54e041a4]" name="endReport" class="com.InterestAmount.Testcases.LoanEMIUICheckTestCases"/>
        <method signature="LoanEMIUICheckTestCases.testloanemicalcnavigate()[pri:1, instance:com.InterestAmount.Testcases.LoanEMIUICheckTestCases@54e041a4]" name="testloanemicalcnavigate" class="com.InterestAmount.Testcases.LoanEMIUICheckTestCases"/>
        <method signature="LoanEMIUICheckTestCases.testopenBrowsertestCase()[pri:0, instance:com.InterestAmount.Testcases.LoanEMIUICheckTestCases@54e041a4]" name="testopenBrowsertestCase" class="com.InterestAmount.Testcases.LoanEMIUICheckTestCases"/>
        <method signature="LoanTenureCalculatorUICheckTestCases.openBrowsertestCase()[pri:0, instance:com.InterestAmount.Testcases.LoanTenureCalculatorUICheckTestCases@3e2055d6]" name="openBrowsertestCase" class="com.InterestAmount.Testcases.LoanTenureCalculatorUICheckTestCases"/>
        <method signature="LoanTenureCalculatorUICheckTestCases.testclose()[pri:3, instance:com.InterestAmount.Testcases.LoanTenureCalculatorUICheckTestCases@3e2055d6]" name="testclose" class="com.InterestAmount.Testcases.LoanTenureCalculatorUICheckTestCases"/>
        <method signature="LoanTenureCalculatorUICheckTestCases.testendReport()[pri:4, instance:com.InterestAmount.Testcases.LoanTenureCalculatorUICheckTestCases@3e2055d6]" name="testendReport" class="com.InterestAmount.Testcases.LoanTenureCalculatorUICheckTestCases"/>
        <method signature="LoanTenureCalculatorUICheckTestCases.testloanTenurenavigate()[pri:1, instance:com.InterestAmount.Testcases.LoanTenureCalculatorUICheckTestCases@3e2055d6]" name="testloanTenurenavigate" class="com.InterestAmount.Testcases.LoanTenureCalculatorUICheckTestCases"/>
      </group> <!-- Smoke Test -->
    </groups>
    <test started-at="2022-02-08T17:13:11 IST" name="Default test" finished-at="2022-02-08T17:15:20 IST" duration-ms="129301">
      <class name="com.InterestAmount.Testcases.LoanEMIUICheckTestCases">
        <test-method signature="testopenBrowsertestCase()[pri:0, instance:com.InterestAmount.Testcases.LoanEMIUICheckTestCases@54e041a4]" started-at="2022-02-08T17:14:01 IST" name="testopenBrowsertestCase" finished-at="2022-02-08T17:14:10 IST" duration-ms="8794" status="PASS">
          <reporter-output>
          </reporter-output>
        </test-method> <!-- testopenBrowsertestCase -->
        <test-method signature="testloanemicalcnavigate()[pri:1, instance:com.InterestAmount.Testcases.LoanEMIUICheckTestCases@54e041a4]" started-at="2022-02-08T17:14:10 IST" name="testloanemicalcnavigate" finished-at="2022-02-08T17:14:14 IST" duration-ms="4235" status="PASS">
          <reporter-output>
          </reporter-output>
        </test-method> <!-- testloanemicalcnavigate -->
        <test-method signature="testfeechargesslider()[pri:2, instance:com.InterestAmount.Testcases.LoanEMIUICheckTestCases@54e041a4]" started-at="2022-02-08T17:14:14 IST" name="testfeechargesslider" finished-at="2022-02-08T17:14:15 IST" duration-ms="313" status="PASS">
          <reporter-output>
          </reporter-output>
        </test-method> <!-- testfeechargesslider -->
        <test-method signature="testfeechargestextbox()[pri:2, instance:com.InterestAmount.Testcases.LoanEMIUICheckTestCases@54e041a4]" started-at="2022-02-08T17:14:15 IST" name="testfeechargestextbox" finished-at="2022-02-08T17:14:15 IST" duration-ms="401" status="PASS">
          <reporter-output>
          </reporter-output>
        </test-method> <!-- testfeechargestextbox -->
        <test-method signature="testfeeslidercheck()[pri:2, instance:com.InterestAmount.Testcases.LoanEMIUICheckTestCases@54e041a4]" started-at="2022-02-08T17:14:15 IST" name="testfeeslidercheck" finished-at="2022-02-08T17:14:16 IST" duration-ms="1438" status="PASS">
          <reporter-output>
          </reporter-output>
        </test-method> <!-- testfeeslidercheck -->
        <test-method signature="testinterestrateslider()[pri:2, instance:com.InterestAmount.Testcases.LoanEMIUICheckTestCases@54e041a4]" started-at="2022-02-08T17:14:16 IST" name="testinterestrateslider" finished-at="2022-02-08T17:14:17 IST" duration-ms="423" status="PASS">
          <reporter-output>
          </reporter-output>
        </test-method> <!-- testinterestrateslider -->
        <test-method signature="testinterestrateslidercheck()[pri:2, instance:com.InterestAmount.Testcases.LoanEMIUICheckTestCases@54e041a4]" started-at="2022-02-08T17:14:17 IST" name="testinterestrateslidercheck" finished-at="2022-02-08T17:14:18 IST" duration-ms="933" status="PASS">
          <reporter-output>
          </reporter-output>
        </test-method> <!-- testinterestrateslidercheck -->
        <test-method signature="testinterestratetextbox()[pri:2, instance:com.InterestAmount.Testcases.LoanEMIUICheckTestCases@54e041a4]" started-at="2022-02-08T17:14:18 IST" name="testinterestratetextbox" finished-at="2022-02-08T17:14:19 IST" duration-ms="777" status="PASS">
          <reporter-output>
          </reporter-output>
        </test-method> <!-- testinterestratetextbox -->
        <test-method signature="testloanamtslider()[pri:2, instance:com.InterestAmount.Testcases.LoanEMIUICheckTestCases@54e041a4]" started-at="2022-02-08T17:14:19 IST" name="testloanamtslider" finished-at="2022-02-08T17:14:19 IST" duration-ms="434" status="PASS">
          <reporter-output>
          </reporter-output>
        </test-method> <!-- testloanamtslider -->
        <test-method signature="testloanamtslidercheck()[pri:2, instance:com.InterestAmount.Testcases.LoanEMIUICheckTestCases@54e041a4]" started-at="2022-02-08T17:14:19 IST" name="testloanamtslidercheck" finished-at="2022-02-08T17:14:20 IST" duration-ms="1237" status="PASS">
          <reporter-output>
          </reporter-output>
        </test-method> <!-- testloanamtslidercheck -->
        <test-method signature="testloanamttextbox()[pri:2, instance:com.InterestAmount.Testcases.LoanEMIUICheckTestCases@54e041a4]" started-at="2022-02-08T17:14:20 IST" name="testloanamttextbox" finished-at="2022-02-08T17:14:21 IST" duration-ms="675" status="PASS">
          <reporter-output>
          </reporter-output>
        </test-method> <!-- testloanamttextbox -->
        <test-method signature="testloantermslider()[pri:2, instance:com.InterestAmount.Testcases.LoanEMIUICheckTestCases@54e041a4]" started-at="2022-02-08T17:14:21 IST" name="testloantermslider" finished-at="2022-02-08T17:14:21 IST" duration-ms="257" status="PASS">
          <reporter-output>
          </reporter-output>
        </test-method> <!-- testloantermslider -->
        <test-method signature="testloantermslidercheck()[pri:2, instance:com.InterestAmount.Testcases.LoanEMIUICheckTestCases@54e041a4]" started-at="2022-02-08T17:14:21 IST" name="testloantermslidercheck" finished-at="2022-02-08T17:14:22 IST" duration-ms="822" status="PASS">
          <reporter-output>
          </reporter-output>
        </test-method> <!-- testloantermslidercheck -->
        <test-method signature="testloantermtextbox()[pri:2, instance:com.InterestAmount.Testcases.LoanEMIUICheckTestCases@54e041a4]" started-at="2022-02-08T17:14:22 IST" name="testloantermtextbox" finished-at="2022-02-08T17:14:23 IST" duration-ms="789" status="PASS">
          <reporter-output>
          </reporter-output>
        </test-method> <!-- testloantermtextbox -->
        <test-method signature="close()[pri:3, instance:com.InterestAmount.Testcases.LoanEMIUICheckTestCases@54e041a4]" started-at="2022-02-08T17:14:23 IST" name="close" finished-at="2022-02-08T17:14:23 IST" duration-ms="195" status="PASS">
          <reporter-output>
          </reporter-output>
        </test-method> <!-- close -->
        <test-method signature="endReport()[pri:4, instance:com.InterestAmount.Testcases.LoanEMIUICheckTestCases@54e041a4]" started-at="2022-02-08T17:14:23 IST" name="endReport" finished-at="2022-02-08T17:14:24 IST" duration-ms="505" status="PASS">
          <reporter-output>
          </reporter-output>
        </test-method> <!-- endReport -->
      </class> <!-- com.InterestAmount.Testcases.LoanEMIUICheckTestCases -->
      <class name="com.InterestAmount.Testcases.LoanAmountCalculatorUICheckTestcases">
        <test-method is-config="true" signature="openBrowsertestCase()[pri:0, instance:com.InterestAmount.Testcases.LoanAmountCalculatorUICheckTestcases@1ebea008]" started-at="2022-02-08T17:13:11 IST" name="openBrowsertestCase" finished-at="2022-02-08T17:13:22 IST" duration-ms="11101" status="PASS">
          <reporter-output>
          </reporter-output>
        </test-method> <!-- openBrowsertestCase -->
        <test-method signature="testloancalcnavigate()[pri:1, instance:com.InterestAmount.Testcases.LoanAmountCalculatorUICheckTestcases@1ebea008]" started-at="2022-02-08T17:14:24 IST" name="testloancalcnavigate" finished-at="2022-02-08T17:14:29 IST" duration-ms="5688" status="PASS">
          <reporter-output>
          </reporter-output>
        </test-method> <!-- testloancalcnavigate -->
        <test-method signature="TestFeeChargeSliderCheck()[pri:2, instance:com.InterestAmount.Testcases.LoanAmountCalculatorUICheckTestcases@1ebea008]" started-at="2022-02-08T17:14:29 IST" name="TestFeeChargeSliderCheck" finished-at="2022-02-08T17:14:30 IST" duration-ms="844" status="PASS">
          <reporter-output>
          </reporter-output>
        </test-method> <!-- TestFeeChargeSliderCheck -->
        <test-method signature="TestFeechargesSlider()[pri:2, instance:com.InterestAmount.Testcases.LoanAmountCalculatorUICheckTestcases@1ebea008]" started-at="2022-02-08T17:14:30 IST" name="TestFeechargesSlider" finished-at="2022-02-08T17:14:31 IST" duration-ms="515" status="PASS">
          <reporter-output>
          </reporter-output>
        </test-method> <!-- TestFeechargesSlider -->
        <test-method signature="TestFeechargesTextbox()[pri:2, instance:com.InterestAmount.Testcases.LoanAmountCalculatorUICheckTestcases@1ebea008]" started-at="2022-02-08T17:14:31 IST" name="TestFeechargesTextbox" finished-at="2022-02-08T17:14:31 IST" duration-ms="539" status="PASS">
          <reporter-output>
          </reporter-output>
        </test-method> <!-- TestFeechargesTextbox -->
        <test-method signature="TestLoanTenureSlidercheck()[pri:2, instance:com.InterestAmount.Testcases.LoanAmountCalculatorUICheckTestcases@1ebea008]" started-at="2022-02-08T17:14:31 IST" name="TestLoanTenureSlidercheck" finished-at="2022-02-08T17:14:32 IST" duration-ms="659" status="PASS">
          <reporter-output>
          </reporter-output>
        </test-method> <!-- TestLoanTenureSlidercheck -->
        <test-method signature="testEMIslider()[pri:2, instance:com.InterestAmount.Testcases.LoanAmountCalculatorUICheckTestcases@1ebea008]" started-at="2022-02-08T17:14:32 IST" name="testEMIslider" finished-at="2022-02-08T17:14:32 IST" duration-ms="567" status="PASS">
          <reporter-output>
          </reporter-output>
        </test-method> <!-- testEMIslider -->
        <test-method signature="testEMIslidercheck()[pri:2, instance:com.InterestAmount.Testcases.LoanAmountCalculatorUICheckTestcases@1ebea008]" started-at="2022-02-08T17:14:32 IST" name="testEMIslidercheck" finished-at="2022-02-08T17:14:33 IST" duration-ms="700" status="PASS">
          <reporter-output>
          </reporter-output>
        </test-method> <!-- testEMIslidercheck -->
        <test-method signature="testEMItextbox()[pri:2, instance:com.InterestAmount.Testcases.LoanAmountCalculatorUICheckTestcases@1ebea008]" started-at="2022-02-08T17:14:33 IST" name="testEMItextbox" finished-at="2022-02-08T17:14:34 IST" duration-ms="815" status="PASS">
          <reporter-output>
          </reporter-output>
        </test-method> <!-- testEMItextbox -->
        <test-method signature="testinterestrateslider()[pri:2, instance:com.InterestAmount.Testcases.LoanAmountCalculatorUICheckTestcases@1ebea008]" started-at="2022-02-08T17:14:34 IST" name="testinterestrateslider" finished-at="2022-02-08T17:14:34 IST" duration-ms="323" status="PASS">
          <reporter-output>
          </reporter-output>
        </test-method> <!-- testinterestrateslider -->
        <test-method signature="testinterestrateslidercheck()[pri:2, instance:com.InterestAmount.Testcases.LoanAmountCalculatorUICheckTestcases@1ebea008]" started-at="2022-02-08T17:14:34 IST" name="testinterestrateslidercheck" finished-at="2022-02-08T17:14:35 IST" duration-ms="754" status="PASS">
          <reporter-output>
          </reporter-output>
        </test-method> <!-- testinterestrateslidercheck -->
        <test-method signature="testinterestratetextbox()[pri:2, instance:com.InterestAmount.Testcases.LoanAmountCalculatorUICheckTestcases@1ebea008]" started-at="2022-02-08T17:14:35 IST" name="testinterestratetextbox" finished-at="2022-02-08T17:14:36 IST" duration-ms="529" status="PASS">
          <reporter-output>
          </reporter-output>
        </test-method> <!-- testinterestratetextbox -->
        <test-method signature="testloantermslider()[pri:2, instance:com.InterestAmount.Testcases.LoanAmountCalculatorUICheckTestcases@1ebea008]" started-at="2022-02-08T17:14:36 IST" name="testloantermslider" finished-at="2022-02-08T17:14:36 IST" duration-ms="267" status="PASS">
          <reporter-output>
          </reporter-output>
        </test-method> <!-- testloantermslider -->
        <test-method signature="testloantermtextbox()[pri:2, instance:com.InterestAmount.Testcases.LoanAmountCalculatorUICheckTestcases@1ebea008]" started-at="2022-02-08T17:14:36 IST" name="testloantermtextbox" finished-at="2022-02-08T17:14:36 IST" duration-ms="242" status="PASS">
          <reporter-output>
          </reporter-output>
        </test-method> <!-- testloantermtextbox -->
        <test-method signature="close()[pri:3, instance:com.InterestAmount.Testcases.LoanAmountCalculatorUICheckTestcases@1ebea008]" started-at="2022-02-08T17:14:36 IST" name="close" finished-at="2022-02-08T17:14:36 IST" duration-ms="139" status="PASS">
          <reporter-output>
          </reporter-output>
        </test-method> <!-- close -->
        <test-method signature="endReport()[pri:4, instance:com.InterestAmount.Testcases.LoanAmountCalculatorUICheckTestcases@1ebea008]" started-at="2022-02-08T17:14:36 IST" name="endReport" finished-at="2022-02-08T17:14:37 IST" duration-ms="347" status="PASS">
          <reporter-output>
          </reporter-output>
        </test-method> <!-- endReport -->
      </class> <!-- com.InterestAmount.Testcases.LoanAmountCalculatorUICheckTestcases -->
      <class name="com.InterestAmount.Testcases.LoanTenureCalculatorUICheckTestCases">
        <test-method signature="openBrowsertestCase()[pri:0, instance:com.InterestAmount.Testcases.LoanTenureCalculatorUICheckTestCases@3e2055d6]" started-at="2022-02-08T17:13:22 IST" name="openBrowsertestCase" finished-at="2022-02-08T17:13:33 IST" duration-ms="10833" status="PASS">
          <reporter-output>
          </reporter-output>
        </test-method> <!-- openBrowsertestCase -->
        <test-method signature="testloanTenurenavigate()[pri:1, instance:com.InterestAmount.Testcases.LoanTenureCalculatorUICheckTestCases@3e2055d6]" started-at="2022-02-08T17:13:33 IST" name="testloanTenurenavigate" finished-at="2022-02-08T17:13:45 IST" duration-ms="11991" status="PASS">
          <reporter-output>
          </reporter-output>
        </test-method> <!-- testloanTenurenavigate -->
        <test-method signature="testEMItextbox()[pri:2, instance:com.InterestAmount.Testcases.LoanTenureCalculatorUICheckTestCases@3e2055d6]" started-at="2022-02-08T17:13:45 IST" name="testEMItextbox" finished-at="2022-02-08T17:13:47 IST" duration-ms="1282" status="PASS">
          <reporter-output>
          </reporter-output>
        </test-method> <!-- testEMItextbox -->
        <test-method signature="testemislider()[pri:2, instance:com.InterestAmount.Testcases.LoanTenureCalculatorUICheckTestCases@3e2055d6]" started-at="2022-02-08T17:13:47 IST" name="testemislider" finished-at="2022-02-08T17:13:47 IST" duration-ms="631" status="PASS">
          <reporter-output>
          </reporter-output>
        </test-method> <!-- testemislider -->
        <test-method signature="testemislidercheck()[pri:2, instance:com.InterestAmount.Testcases.LoanTenureCalculatorUICheckTestCases@3e2055d6]" started-at="2022-02-08T17:13:47 IST" name="testemislidercheck" finished-at="2022-02-08T17:13:50 IST" duration-ms="2580" status="PASS">
          <reporter-output>
          </reporter-output>
        </test-method> <!-- testemislidercheck -->
        <test-method signature="testfeechargesslider()[pri:2, instance:com.InterestAmount.Testcases.LoanTenureCalculatorUICheckTestCases@3e2055d6]" started-at="2022-02-08T17:13:50 IST" name="testfeechargesslider" finished-at="2022-02-08T17:13:51 IST" duration-ms="1015" status="PASS">
          <reporter-output>
          </reporter-output>
        </test-method> <!-- testfeechargesslider -->
        <test-method signature="testfeechargestextbox()[pri:2, instance:com.InterestAmount.Testcases.LoanTenureCalculatorUICheckTestCases@3e2055d6]" started-at="2022-02-08T17:13:51 IST" name="testfeechargestextbox" finished-at="2022-02-08T17:13:52 IST" duration-ms="658" status="PASS">
          <reporter-output>
          </reporter-output>
        </test-method> <!-- testfeechargestextbox -->
        <test-method signature="testfeeslidercheck()[pri:2, instance:com.InterestAmount.Testcases.LoanTenureCalculatorUICheckTestCases@3e2055d6]" started-at="2022-02-08T17:13:52 IST" name="testfeeslidercheck" finished-at="2022-02-08T17:13:53 IST" duration-ms="1409" status="PASS">
          <reporter-output>
          </reporter-output>
        </test-method> <!-- testfeeslidercheck -->
        <test-method signature="testinterestRatetextbox()[pri:2, instance:com.InterestAmount.Testcases.LoanTenureCalculatorUICheckTestCases@3e2055d6]" started-at="2022-02-08T17:13:53 IST" name="testinterestRatetextbox" finished-at="2022-02-08T17:13:54 IST" duration-ms="790" status="PASS">
          <reporter-output>
          </reporter-output>
        </test-method> <!-- testinterestRatetextbox -->
        <test-method signature="testloanAmountslider()[pri:2, instance:com.InterestAmount.Testcases.LoanTenureCalculatorUICheckTestCases@3e2055d6]" started-at="2022-02-08T17:13:54 IST" name="testloanAmountslider" finished-at="2022-02-08T17:13:54 IST" duration-ms="518" status="PASS">
          <reporter-output>
          </reporter-output>
        </test-method> <!-- testloanAmountslider -->
        <test-method signature="testloanAmountslidercheck()[pri:2, instance:com.InterestAmount.Testcases.LoanTenureCalculatorUICheckTestCases@3e2055d6]" started-at="2022-02-08T17:13:54 IST" name="testloanAmountslidercheck" finished-at="2022-02-08T17:13:56 IST" duration-ms="1187" status="PASS">
          <reporter-output>
          </reporter-output>
        </test-method> <!-- testloanAmountslidercheck -->
        <test-method signature="testloanAmounttextbox()[pri:2, instance:com.InterestAmount.Testcases.LoanTenureCalculatorUICheckTestCases@3e2055d6]" started-at="2022-02-08T17:13:56 IST" name="testloanAmounttextbox" finished-at="2022-02-08T17:13:57 IST" duration-ms="1731" status="PASS">
          <reporter-output>
          </reporter-output>
        </test-method> <!-- testloanAmounttextbox -->
        <test-method signature="testloantermslider()[pri:2, instance:com.InterestAmount.Testcases.LoanTenureCalculatorUICheckTestCases@3e2055d6]" started-at="2022-02-08T17:13:57 IST" name="testloantermslider" finished-at="2022-02-08T17:13:58 IST" duration-ms="564" status="PASS">
          <reporter-output>
          </reporter-output>
        </test-method> <!-- testloantermslider -->
        <test-method signature="testloantermslidercheck()[pri:2, instance:com.InterestAmount.Testcases.LoanTenureCalculatorUICheckTestCases@3e2055d6]" started-at="2022-02-08T17:13:58 IST" name="testloantermslidercheck" finished-at="2022-02-08T17:13:59 IST" duration-ms="1517" status="PASS">
          <reporter-output>
          </reporter-output>
        </test-method> <!-- testloantermslidercheck -->
        <test-method signature="testclose()[pri:3, instance:com.InterestAmount.Testcases.LoanTenureCalculatorUICheckTestCases@3e2055d6]" started-at="2022-02-08T17:13:59 IST" name="testclose" finished-at="2022-02-08T17:14:00 IST" duration-ms="335" status="PASS">
          <reporter-output>
          </reporter-output>
        </test-method> <!-- testclose -->
        <test-method signature="testendReport()[pri:4, instance:com.InterestAmount.Testcases.LoanTenureCalculatorUICheckTestCases@3e2055d6]" started-at="2022-02-08T17:14:00 IST" name="testendReport" finished-at="2022-02-08T17:14:01 IST" duration-ms="1286" status="PASS">
          <reporter-output>
          </reporter-output>
        </test-method> <!-- testendReport -->
      </class> <!-- com.InterestAmount.Testcases.LoanTenureCalculatorUICheckTestCases -->
      <class name="com.InterestAmount.Testcases.HomeLoanCalculatorTestCases">
        <test-method signature="testopenBrowser()[pri:0, instance:com.InterestAmount.Testcases.HomeLoanCalculatorTestCases@72d6b3ba]" started-at="2022-02-08T17:14:37 IST" name="testopenBrowser" finished-at="2022-02-08T17:14:46 IST" duration-ms="9303" status="PASS">
          <reporter-output>
          </reporter-output>
        </test-method> <!-- testopenBrowser -->
        <test-method signature="testHomeEmi()[pri:1, instance:com.InterestAmount.Testcases.HomeLoanCalculatorTestCases@72d6b3ba]" started-at="2022-02-08T17:14:46 IST" name="testHomeEmi" finished-at="2022-02-08T17:14:50 IST" duration-ms="4349" status="PASS">
          <reporter-output>
          </reporter-output>
        </test-method> <!-- testHomeEmi -->
        <test-method signature="testdataexport()[pri:1, instance:com.InterestAmount.Testcases.HomeLoanCalculatorTestCases@72d6b3ba]" started-at="2022-02-08T17:14:50 IST" name="testdataexport" finished-at="2022-02-08T17:14:59 IST" duration-ms="8397" status="PASS">
          <reporter-output>
          </reporter-output>
        </test-method> <!-- testdataexport -->
        <test-method signature="close()[pri:2, instance:com.InterestAmount.Testcases.HomeLoanCalculatorTestCases@72d6b3ba]" started-at="2022-02-08T17:14:59 IST" name="close" finished-at="2022-02-08T17:15:01 IST" duration-ms="2371" status="PASS">
          <reporter-output>
          </reporter-output>
        </test-method> <!-- close -->
        <test-method signature="endReport()[pri:3, instance:com.InterestAmount.Testcases.HomeLoanCalculatorTestCases@72d6b3ba]" started-at="2022-02-08T17:15:01 IST" name="endReport" finished-at="2022-02-08T17:15:01 IST" duration-ms="219" status="PASS">
          <reporter-output>
          </reporter-output>
        </test-method> <!-- endReport -->
      </class> <!-- com.InterestAmount.Testcases.HomeLoanCalculatorTestCases -->
      <class name="com.InterestAmount.Testcases.CarLoanTestCases">
        <test-method signature="openBrowsertestCase()[pri:0, instance:com.InterestAmount.Testcases.CarLoanTestCases@163370c2]" started-at="2022-02-08T17:15:01 IST" name="openBrowsertestCase" finished-at="2022-02-08T17:15:11 IST" duration-ms="9209" status="PASS">
          <reporter-output>
          </reporter-output>
        </test-method> <!-- openBrowsertestCase -->
        <test-method signature="carEMIFormtestCase()[pri:1, instance:com.InterestAmount.Testcases.CarLoanTestCases@163370c2]" started-at="2022-02-08T17:15:11 IST" name="carEMIFormtestCase" finished-at="2022-02-08T17:15:15 IST" duration-ms="4135" status="PASS">
          <reporter-output>
          </reporter-output>
        </test-method> <!-- carEMIFormtestCase -->
        <test-method signature="getdatatestcase()[pri:2, instance:com.InterestAmount.Testcases.CarLoanTestCases@163370c2]" started-at="2022-02-08T17:15:15 IST" name="getdatatestcase" finished-at="2022-02-08T17:15:17 IST" depends-on-methods="com.InterestAmount.Testcases.CarLoanTestCases.carEMIFormtestCase" duration-ms="2759" status="PASS">
          <reporter-output>
          </reporter-output>
        </test-method> <!-- getdatatestcase -->
        <test-method signature="closetestcase()[pri:3, instance:com.InterestAmount.Testcases.CarLoanTestCases@163370c2]" started-at="2022-02-08T17:15:18 IST" name="closetestcase" finished-at="2022-02-08T17:15:20 IST" duration-ms="2571" status="PASS">
          <reporter-output>
          </reporter-output>
        </test-method> <!-- closetestcase -->
        <test-method signature="endReportestcase()[pri:4, instance:com.InterestAmount.Testcases.CarLoanTestCases@163370c2]" started-at="2022-02-08T17:15:20 IST" name="endReportestcase" finished-at="2022-02-08T17:15:20 IST" duration-ms="326" status="PASS">
          <reporter-output>
          </reporter-output>
        </test-method> <!-- endReportestcase -->
      </class> <!-- com.InterestAmount.Testcases.CarLoanTestCases -->
    </test> <!-- Default test -->
  </suite> <!-- Default suite -->
</testng-results>
