<?xml version="1.0" encoding="UTF-8"?>
<!-- Generated by org.testng.reporters.JUnitXMLReporter -->
<testsuite hostname="DESKTOP-N15MI43" ignored="0" name="Test" tests="57" failures="0" timestamp="2022-02-08T22:25:41 IST" time="153.74" errors="0">
  <testcase name="openBrowsertestCase" time="17.203" classname="com.InterestAmount.Testcases.CarLoanTestCases"/>
  <testcase name="carEMIFormtestCase" time="7.433" classname="com.InterestAmount.Testcases.CarLoanTestCases"/>
  <testcase name="getdatatestcase" time="3.912" classname="com.InterestAmount.Testcases.CarLoanTestCases"/>
  <testcase name="closetestcase" time="0.832" classname="com.InterestAmount.Testcases.CarLoanTestCases"/>
  <testcase name="endReportestcase" time="1.283" classname="com.InterestAmount.Testcases.CarLoanTestCases"/>
  <testcase name="testopenBrowser" time="9.361" classname="com.InterestAmount.Testcases.HomeLoanCalculatorTestCases"/>
  <testcase name="testHomeEmi" time="10.806" classname="com.InterestAmount.Testcases.HomeLoanCalculatorTestCases"/>
  <testcase name="testdataexport" time="12.412" classname="com.InterestAmount.Testcases.HomeLoanCalculatorTestCases"/>
  <testcase name="close" time="2.393" classname="com.InterestAmount.Testcases.HomeLoanCalculatorTestCases"/>
  <testcase name="endReport" time="0.382" classname="com.InterestAmount.Testcases.HomeLoanCalculatorTestCases"/>
  <testcase name="testopenBrowsertestCase" time="10.002" classname="com.InterestAmount.Testcases.LoanEMIUICheckTestCases"/>
  <testcase name="testloanemicalcnavigate" time="5.576" classname="com.InterestAmount.Testcases.LoanEMIUICheckTestCases"/>
  <testcase name="testfeechargesslider" time="0.912" classname="com.InterestAmount.Testcases.LoanEMIUICheckTestCases"/>
  <testcase name="testfeechargestextbox" time="0.544" classname="com.InterestAmount.Testcases.LoanEMIUICheckTestCases"/>
  <testcase name="testfeeslidercheck" time="1.496" classname="com.InterestAmount.Testcases.LoanEMIUICheckTestCases"/>
  <testcase name="testinterestrateslider" time="0.536" classname="com.InterestAmount.Testcases.LoanEMIUICheckTestCases"/>
  <testcase name="testinterestrateslidercheck" time="1.536" classname="com.InterestAmount.Testcases.LoanEMIUICheckTestCases"/>
  <testcase name="testinterestratetextbox" time="0.568" classname="com.InterestAmount.Testcases.LoanEMIUICheckTestCases"/>
  <testcase name="testloanamtslider" time="0.376" classname="com.InterestAmount.Testcases.LoanEMIUICheckTestCases"/>
  <testcase name="testloanamtslidercheck" time="0.816" classname="com.InterestAmount.Testcases.LoanEMIUICheckTestCases"/>
  <testcase name="testloanamttextbox" time="1.288" classname="com.InterestAmount.Testcases.LoanEMIUICheckTestCases"/>
  <testcase name="testloantermslider" time="0.448" classname="com.InterestAmount.Testcases.LoanEMIUICheckTestCases"/>
  <testcase name="testloantermslidercheck" time="1.45" classname="com.InterestAmount.Testcases.LoanEMIUICheckTestCases"/>
  <testcase name="testloantermtextbox" time="0.874" classname="com.InterestAmount.Testcases.LoanEMIUICheckTestCases"/>
  <testcase name="close" time="2.558" classname="com.InterestAmount.Testcases.LoanEMIUICheckTestCases"/>
  <testcase name="endReport" time="0.233" classname="com.InterestAmount.Testcases.LoanEMIUICheckTestCases"/>
  <testcase name="testloancalcnavigate" time="6.616" classname="com.InterestAmount.Testcases.LoanAmountCalculatorUICheckTestcases"/>
  <testcase name="TestFeeChargeSliderCheck" time="1.264" classname="com.InterestAmount.Testcases.LoanAmountCalculatorUICheckTestcases"/>
  <testcase name="TestFeechargesSlider" time="1.032" classname="com.InterestAmount.Testcases.LoanAmountCalculatorUICheckTestcases"/>
  <testcase name="TestFeechargesTextbox" time="0.552" classname="com.InterestAmount.Testcases.LoanAmountCalculatorUICheckTestcases"/>
  <testcase name="TestLoanTenureSlidercheck" time="0.818" classname="com.InterestAmount.Testcases.LoanAmountCalculatorUICheckTestcases"/>
  <testcase name="testEMIslider" time="0.664" classname="com.InterestAmount.Testcases.LoanAmountCalculatorUICheckTestcases"/>
  <testcase name="testEMIslidercheck" time="0.888" classname="com.InterestAmount.Testcases.LoanAmountCalculatorUICheckTestcases"/>
  <testcase name="testEMItextbox" time="0.968" classname="com.InterestAmount.Testcases.LoanAmountCalculatorUICheckTestcases"/>
  <testcase name="testinterestrateslider" time="0.512" classname="com.InterestAmount.Testcases.LoanAmountCalculatorUICheckTestcases"/>
  <testcase name="testinterestrateslidercheck" time="1.56" classname="com.InterestAmount.Testcases.LoanAmountCalculatorUICheckTestcases"/>
  <testcase name="testinterestratetextbox" time="0.677" classname="com.InterestAmount.Testcases.LoanAmountCalculatorUICheckTestcases"/>
  <testcase name="testloantermslider" time="0.237" classname="com.InterestAmount.Testcases.LoanAmountCalculatorUICheckTestcases"/>
  <testcase name="testloantermtextbox" time="0.28" classname="com.InterestAmount.Testcases.LoanAmountCalculatorUICheckTestcases"/>
  <testcase name="close" time="0.152" classname="com.InterestAmount.Testcases.LoanAmountCalculatorUICheckTestcases"/>
  <testcase name="endReport" time="0.292" classname="com.InterestAmount.Testcases.LoanAmountCalculatorUICheckTestcases"/>
  <testcase name="openBrowsertestCase" time="9.509" classname="com.InterestAmount.Testcases.LoanTenureCalculatorUICheckTestCases"/>
  <testcase name="testloanTenurenavigate" time="9.791" classname="com.InterestAmount.Testcases.LoanTenureCalculatorUICheckTestCases"/>
  <testcase name="testEMItextbox" time="0.403" classname="com.InterestAmount.Testcases.LoanTenureCalculatorUICheckTestCases"/>
  <testcase name="testemislider" time="0.285" classname="com.InterestAmount.Testcases.LoanTenureCalculatorUICheckTestCases"/>
  <testcase name="testemislidercheck" time="1.369" classname="com.InterestAmount.Testcases.LoanTenureCalculatorUICheckTestCases"/>
  <testcase name="testfeechargesslider" time="0.648" classname="com.InterestAmount.Testcases.LoanTenureCalculatorUICheckTestCases"/>
  <testcase name="testfeechargestextbox" time="0.377" classname="com.InterestAmount.Testcases.LoanTenureCalculatorUICheckTestCases"/>
  <testcase name="testfeeslidercheck" time="1.095" classname="com.InterestAmount.Testcases.LoanTenureCalculatorUICheckTestCases"/>
  <testcase name="testinterestRatetextbox" time="0.439" classname="com.InterestAmount.Testcases.LoanTenureCalculatorUICheckTestCases"/>
  <testcase name="testloanAmountslider" time="0.363" classname="com.InterestAmount.Testcases.LoanTenureCalculatorUICheckTestCases"/>
  <testcase name="testloanAmountslidercheck" time="1.486" classname="com.InterestAmount.Testcases.LoanTenureCalculatorUICheckTestCases"/>
  <testcase name="testloanAmounttextbox" time="0.899" classname="com.InterestAmount.Testcases.LoanTenureCalculatorUICheckTestCases"/>
  <testcase name="testloantermslider" time="0.28" classname="com.InterestAmount.Testcases.LoanTenureCalculatorUICheckTestCases"/>
  <testcase name="testloantermslidercheck" time="1.616" classname="com.InterestAmount.Testcases.LoanTenureCalculatorUICheckTestCases"/>
  <testcase name="testclose" time="0.376" classname="com.InterestAmount.Testcases.LoanTenureCalculatorUICheckTestCases"/>
  <testcase name="testendReport" time="0.208" classname="com.InterestAmount.Testcases.LoanTenureCalculatorUICheckTestCases"/>
</testsuite> <!-- Test -->
