<?xml version="1.0" encoding="UTF-8"?>
<!-- Generated by org.testng.reporters.JUnitXMLReporter -->
<testsuite ignored="0" hostname="LTIN343757" failures="0" tests="57" name="Smoke Test" time="120.444" errors="0" timestamp="2022-02-07T13:25:43 IST">
  <testcase classname="com.InterestAmount.Testcases.HomeLoanCalculatorTestCases" name="testopenBrowser" time="13.972"/>
  <testcase classname="com.InterestAmount.Testcases.HomeLoanCalculatorTestCases" name="testHomeEmi" time="9.608"/>
  <testcase classname="com.InterestAmount.Testcases.HomeLoanCalculatorTestCases" name="testdataexport" time="7.979"/>
  <testcase classname="com.InterestAmount.Testcases.HomeLoanCalculatorTestCases" name="close" time="1.45"/>
  <testcase classname="com.InterestAmount.Testcases.HomeLoanCalculatorTestCases" name="endReport" time="0.65"/>
  <testcase classname="com.InterestAmount.Testcases.CarLoanTestCases" name="openBrowsertestCase" time="11.931"/>
  <testcase classname="com.InterestAmount.Testcases.CarLoanTestCases" name="carEMIFormtestCase" time="2.439"/>
  <testcase classname="com.InterestAmount.Testcases.CarLoanTestCases" name="getdatatestcase" time="1.901"/>
  <testcase classname="com.InterestAmount.Testcases.CarLoanTestCases" name="closetestcase" time="1.066"/>
  <testcase classname="com.InterestAmount.Testcases.CarLoanTestCases" name="endReportestcase" time="0.131"/>
  <testcase classname="com.InterestAmount.Testcases.LoanEMIUICheckTestCases" name="testopenBrowsertestCase" time="10.404"/>
  <testcase classname="com.InterestAmount.Testcases.LoanEMIUICheckTestCases" name="testloanemicalcnavigate" time="5.0"/>
  <testcase classname="com.InterestAmount.Testcases.LoanEMIUICheckTestCases" name="testfeechargesslider" time="0.618"/>
  <testcase classname="com.InterestAmount.Testcases.LoanEMIUICheckTestCases" name="testfeechargestextbox" time="0.314"/>
  <testcase classname="com.InterestAmount.Testcases.LoanEMIUICheckTestCases" name="testfeeslidercheck" time="1.299"/>
  <testcase classname="com.InterestAmount.Testcases.LoanEMIUICheckTestCases" name="testinterestrateslider" time="0.311"/>
  <testcase classname="com.InterestAmount.Testcases.LoanEMIUICheckTestCases" name="testinterestrateslidercheck" time="0.725"/>
  <testcase classname="com.InterestAmount.Testcases.LoanEMIUICheckTestCases" name="testinterestratetextbox" time="0.261"/>
  <testcase classname="com.InterestAmount.Testcases.LoanEMIUICheckTestCases" name="testloanamtslider" time="0.236"/>
  <testcase classname="com.InterestAmount.Testcases.LoanEMIUICheckTestCases" name="testloanamtslidercheck" time="0.608"/>
  <testcase classname="com.InterestAmount.Testcases.LoanEMIUICheckTestCases" name="testloanamttextbox" time="0.788"/>
  <testcase classname="com.InterestAmount.Testcases.LoanEMIUICheckTestCases" name="testloantermslider" time="0.238"/>
  <testcase classname="com.InterestAmount.Testcases.LoanEMIUICheckTestCases" name="testloantermslidercheck" time="0.678"/>
  <testcase classname="com.InterestAmount.Testcases.LoanEMIUICheckTestCases" name="testloantermtextbox" time="0.366"/>
  <testcase classname="com.InterestAmount.Testcases.LoanEMIUICheckTestCases" name="close" time="1.076"/>
  <testcase classname="com.InterestAmount.Testcases.LoanEMIUICheckTestCases" name="endReport" time="0.145"/>
  <testcase classname="com.InterestAmount.Testcases.LoanAmountCalculatorUICheckTestcases" name="testloancalcnavigate" time="5.311"/>
  <testcase classname="com.InterestAmount.Testcases.LoanAmountCalculatorUICheckTestcases" name="TestFeeChargeSliderCheck" time="1.488"/>
  <testcase classname="com.InterestAmount.Testcases.LoanAmountCalculatorUICheckTestcases" name="TestFeechargesSlider" time="0.18"/>
  <testcase classname="com.InterestAmount.Testcases.LoanAmountCalculatorUICheckTestcases" name="TestFeechargesTextbox" time="0.238"/>
  <testcase classname="com.InterestAmount.Testcases.LoanAmountCalculatorUICheckTestcases" name="TestLoanTenureSlidercheck" time="0.534"/>
  <testcase classname="com.InterestAmount.Testcases.LoanAmountCalculatorUICheckTestcases" name="testEMIslider" time="0.244"/>
  <testcase classname="com.InterestAmount.Testcases.LoanAmountCalculatorUICheckTestcases" name="testEMIslidercheck" time="0.527"/>
  <testcase classname="com.InterestAmount.Testcases.LoanAmountCalculatorUICheckTestcases" name="testEMItextbox" time="0.642"/>
  <testcase classname="com.InterestAmount.Testcases.LoanAmountCalculatorUICheckTestcases" name="testinterestrateslider" time="0.187"/>
  <testcase classname="com.InterestAmount.Testcases.LoanAmountCalculatorUICheckTestcases" name="testinterestrateslidercheck" time="0.564"/>
  <testcase classname="com.InterestAmount.Testcases.LoanAmountCalculatorUICheckTestcases" name="testinterestratetextbox" time="0.418"/>
  <testcase classname="com.InterestAmount.Testcases.LoanAmountCalculatorUICheckTestcases" name="testloantermslider" time="0.156"/>
  <testcase classname="com.InterestAmount.Testcases.LoanAmountCalculatorUICheckTestcases" name="testloantermtextbox" time="0.156"/>
  <testcase classname="com.InterestAmount.Testcases.LoanAmountCalculatorUICheckTestcases" name="close" time="1.172"/>
  <testcase classname="com.InterestAmount.Testcases.LoanAmountCalculatorUICheckTestcases" name="endReport" time="0.102"/>
  <testcase classname="com.InterestAmount.Testcases.LoanTenureCalculatorUICheckTestCases" name="openBrowsertestCase" time="10.401"/>
  <testcase classname="com.InterestAmount.Testcases.LoanTenureCalculatorUICheckTestCases" name="testloanTenurenavigate" time="5.43"/>
  <testcase classname="com.InterestAmount.Testcases.LoanTenureCalculatorUICheckTestCases" name="testEMItextbox" time="0.18"/>
  <testcase classname="com.InterestAmount.Testcases.LoanTenureCalculatorUICheckTestCases" name="testemislider" time="0.169"/>
  <testcase classname="com.InterestAmount.Testcases.LoanTenureCalculatorUICheckTestCases" name="testemislidercheck" time="0.581"/>
  <testcase classname="com.InterestAmount.Testcases.LoanTenureCalculatorUICheckTestCases" name="testfeechargesslider" time="0.273"/>
  <testcase classname="com.InterestAmount.Testcases.LoanTenureCalculatorUICheckTestCases" name="testfeechargestextbox" time="0.223"/>
  <testcase classname="com.InterestAmount.Testcases.LoanTenureCalculatorUICheckTestCases" name="testfeeslidercheck" time="0.592"/>
  <testcase classname="com.InterestAmount.Testcases.LoanTenureCalculatorUICheckTestCases" name="testinterestRatetextbox" time="0.297"/>
  <testcase classname="com.InterestAmount.Testcases.LoanTenureCalculatorUICheckTestCases" name="testloanAmountslider" time="0.196"/>
  <testcase classname="com.InterestAmount.Testcases.LoanTenureCalculatorUICheckTestCases" name="testloanAmountslidercheck" time="0.564"/>
  <testcase classname="com.InterestAmount.Testcases.LoanTenureCalculatorUICheckTestCases" name="testloanAmounttextbox" time="0.793"/>
  <testcase classname="com.InterestAmount.Testcases.LoanTenureCalculatorUICheckTestCases" name="testloantermslider" time="0.176"/>
  <testcase classname="com.InterestAmount.Testcases.LoanTenureCalculatorUICheckTestCases" name="testloantermslidercheck" time="0.574"/>
  <testcase classname="com.InterestAmount.Testcases.LoanTenureCalculatorUICheckTestCases" name="testclose" time="1.884"/>
  <testcase classname="com.InterestAmount.Testcases.LoanTenureCalculatorUICheckTestCases" name="testendReport" time="0.133"/>
</testsuite> <!-- Smoke Test -->
